<?xml version="1.0" encoding="UTF-8"?>
<testng-results skipped="0" failed="0" ignored="0" total="22" passed="22">
  <reporter-output>
  </reporter-output>
  <suite name="Default suite" duration-ms="201620" started-at="2020-06-18T19:33:18 IST" finished-at="2020-06-18T19:36:39 IST">
    <groups>
    </groups>
    <test name="Default test" duration-ms="201620" started-at="2020-06-18T19:33:18 IST" finished-at="2020-06-18T19:36:39 IST">
      <class name="testCases.TestCases">
        <test-method status="PASS" signature="setup()[pri:0, instance:testCases.TestCases@483f6d77]" name="setup" is-config="true" duration-ms="7" started-at="2020-06-18T19:33:18 IST" finished-at="2020-06-18T19:33:18 IST">
          <reporter-output>
          </reporter-output>
        </test-method> <!-- setup -->
        <test-method status="PASS" signature="Test_Browser_And_URL_Invoked_Correctly(java.lang.String)[pri:0, instance:testCases.TestCases@483f6d77]" name="Test_Browser_And_URL_Invoked_Correctly" duration-ms="47244" started-at="2020-06-18T19:33:18 IST" finished-at="2020-06-18T19:34:05 IST">
          <params>
            <param index="0">
              <value is-null="true"/>
            </param>
          </params>
          <reporter-output>
          </reporter-output>
        </test-method> <!-- Test_Browser_And_URL_Invoked_Correctly -->
        <test-method status="PASS" signature="Test_MainPage_Title_Matches_Correctly()[pri:1, instance:testCases.TestCases@483f6d77]" name="Test_MainPage_Title_Matches_Correctly" duration-ms="3388" started-at="2020-06-18T19:34:05 IST" finished-at="2020-06-18T19:34:09 IST">
          <reporter-output>
          </reporter-output>
        </test-method> <!-- Test_MainPage_Title_Matches_Correctly -->
        <test-method status="PASS" signature="Test_City_Is_Selected_Correctly()[pri:2, instance:testCases.TestCases@483f6d77]" name="Test_City_Is_Selected_Correctly" duration-ms="8750" started-at="2020-06-18T19:34:09 IST" finished-at="2020-06-18T19:34:17 IST">
          <reporter-output>
          </reporter-output>
        </test-method> <!-- Test_City_Is_Selected_Correctly -->
        <test-method status="PASS" signature="Test_Popup_Is_Ignored()[pri:3, instance:testCases.TestCases@483f6d77]" name="Test_Popup_Is_Ignored" duration-ms="1134" started-at="2020-06-18T19:34:17 IST" finished-at="2020-06-18T19:34:18 IST">
          <reporter-output>
          </reporter-output>
        </test-method> <!-- Test_Popup_Is_Ignored -->
        <test-method status="PASS" signature="Test_Signin_Button_Is_clicked()[pri:4, instance:testCases.TestCases@483f6d77]" name="Test_Signin_Button_Is_clicked" duration-ms="3844" started-at="2020-06-18T19:34:18 IST" finished-at="2020-06-18T19:34:22 IST">
          <reporter-output>
          </reporter-output>
        </test-method> <!-- Test_Signin_Button_Is_clicked -->
        <test-method status="PASS" signature="Test_Continue_Via_Google_Button_Is_Clicked()[pri:5, instance:testCases.TestCases@483f6d77]" name="Test_Continue_Via_Google_Button_Is_Clicked" duration-ms="504" started-at="2020-06-18T19:34:22 IST" finished-at="2020-06-18T19:34:23 IST">
          <reporter-output>
          </reporter-output>
        </test-method> <!-- Test_Continue_Via_Google_Button_Is_Clicked -->
        <test-method status="PASS" signature="Test_Invalid_UserName()[pri:6, instance:testCases.TestCases@483f6d77]" name="Test_Invalid_UserName" duration-ms="9982" started-at="2020-06-18T19:34:23 IST" finished-at="2020-06-18T19:34:33 IST">
          <reporter-output>
          </reporter-output>
        </test-method> <!-- Test_Invalid_UserName -->
        <test-method status="PASS" signature="Test_Invalid_Password()[pri:7, instance:testCases.TestCases@483f6d77]" name="Test_Invalid_Password" duration-ms="20426" started-at="2020-06-18T19:34:33 IST" finished-at="2020-06-18T19:34:53 IST">
          <reporter-output>
          </reporter-output>
        </test-method> <!-- Test_Invalid_Password -->
        <test-method status="PASS" signature="Test_Blank_UserName()[pri:8, instance:testCases.TestCases@483f6d77]" name="Test_Blank_UserName" duration-ms="11601" started-at="2020-06-18T19:34:53 IST" finished-at="2020-06-18T19:35:05 IST">
          <reporter-output>
          </reporter-output>
        </test-method> <!-- Test_Blank_UserName -->
        <test-method status="PASS" signature="Test_Blank_Password()[pri:9, instance:testCases.TestCases@483f6d77]" name="Test_Blank_Password" duration-ms="6609" started-at="2020-06-18T19:35:05 IST" finished-at="2020-06-18T19:35:11 IST">
          <reporter-output>
          </reporter-output>
        </test-method> <!-- Test_Blank_Password -->
        <test-method status="PASS" signature="Test_Signing_In_Appears_Correctly()[pri:10, instance:testCases.TestCases@483f6d77]" name="Test_Signing_In_Appears_Correctly" duration-ms="8494" started-at="2020-06-18T19:35:11 IST" finished-at="2020-06-18T19:35:20 IST">
          <reporter-output>
          </reporter-output>
        </test-method> <!-- Test_Signing_In_Appears_Correctly -->
        <test-method status="PASS" signature="Test_Sports_Is_Clicked()[pri:11, instance:testCases.TestCases@483f6d77]" name="Test_Sports_Is_Clicked" duration-ms="17795" started-at="2020-06-18T19:35:20 IST" finished-at="2020-06-18T19:35:38 IST">
          <reporter-output>
          </reporter-output>
        </test-method> <!-- Test_Sports_Is_Clicked -->
        <test-method status="PASS" signature="Test_Sports_Available_Are_Displayed()[pri:12, instance:testCases.TestCases@483f6d77]" name="Test_Sports_Available_Are_Displayed" duration-ms="3212" started-at="2020-06-18T19:35:38 IST" finished-at="2020-06-18T19:35:41 IST">
          <reporter-output>
          </reporter-output>
        </test-method> <!-- Test_Sports_Available_Are_Displayed -->
        <test-method status="PASS" signature="Test_Weekend_Is_clicked()[pri:13, instance:testCases.TestCases@483f6d77]" name="Test_Weekend_Is_clicked" duration-ms="3298" started-at="2020-06-18T19:35:41 IST" finished-at="2020-06-18T19:35:44 IST">
          <reporter-output>
          </reporter-output>
        </test-method> <!-- Test_Weekend_Is_clicked -->
        <test-method status="PASS" signature="Test_Sports_Availabe_Are_Displayed_After_Selecting_Weekend()[pri:14, instance:testCases.TestCases@483f6d77]" name="Test_Sports_Availabe_Are_Displayed_After_Selecting_Weekend" duration-ms="3180" started-at="2020-06-18T19:35:44 IST" finished-at="2020-06-18T19:35:47 IST">
          <reporter-output>
          </reporter-output>
        </test-method> <!-- Test_Sports_Availabe_Are_Displayed_After_Selecting_Weekend -->
        <test-method status="PASS" signature="Test_PriceRange_Is_clicked()[pri:15, instance:testCases.TestCases@483f6d77]" name="Test_PriceRange_Is_clicked" duration-ms="3297" started-at="2020-06-18T19:35:47 IST" finished-at="2020-06-18T19:35:51 IST">
          <reporter-output>
          </reporter-output>
        </test-method> <!-- Test_PriceRange_Is_clicked -->
        <test-method status="PASS" signature="Test_Minimum_Is_clicked()[pri:16, instance:testCases.TestCases@483f6d77]" name="Test_Minimum_Is_clicked" duration-ms="3416" started-at="2020-06-18T19:35:51 IST" finished-at="2020-06-18T19:35:54 IST">
          <reporter-output>
          </reporter-output>
        </test-method> <!-- Test_Minimum_Is_clicked -->
        <test-method status="PASS" signature="Test_Sports_Availabe_Are_Displayed_After_Selecting_MinimumRange()[pri:17, instance:testCases.TestCases@483f6d77]" name="Test_Sports_Availabe_Are_Displayed_After_Selecting_MinimumRange" duration-ms="6375" started-at="2020-06-18T19:35:54 IST" finished-at="2020-06-18T19:36:01 IST">
          <reporter-output>
          </reporter-output>
        </test-method> <!-- Test_Sports_Availabe_Are_Displayed_After_Selecting_MinimumRange -->
        <test-method status="PASS" signature="Test_Window_Navigates_To_Movie_Page()[pri:18, instance:testCases.TestCases@483f6d77]" name="Test_Window_Navigates_To_Movie_Page" duration-ms="31377" started-at="2020-06-18T19:36:01 IST" finished-at="2020-06-18T19:36:32 IST">
          <reporter-output>
          </reporter-output>
        </test-method> <!-- Test_Window_Navigates_To_Movie_Page -->
        <test-method status="PASS" signature="Test_Movies_Are_Displayed()[pri:19, instance:testCases.TestCases@483f6d77]" name="Test_Movies_Are_Displayed" duration-ms="830" started-at="2020-06-18T19:36:32 IST" finished-at="2020-06-18T19:36:33 IST">
          <reporter-output>
          </reporter-output>
        </test-method> <!-- Test_Movies_Are_Displayed -->
        <test-method status="PASS" signature="Test_Languages_Are_Extracted_And_Stored_In_List()[pri:20, instance:testCases.TestCases@483f6d77]" name="Test_Languages_Are_Extracted_And_Stored_In_List" duration-ms="994" started-at="2020-06-18T19:36:33 IST" finished-at="2020-06-18T19:36:34 IST">
          <reporter-output>
          </reporter-output>
        </test-method> <!-- Test_Languages_Are_Extracted_And_Stored_In_List -->
        <test-method status="PASS" signature="Test_Languages_Are_Displayed()[pri:21, instance:testCases.TestCases@483f6d77]" name="Test_Languages_Are_Displayed" duration-ms="58" started-at="2020-06-18T19:36:34 IST" finished-at="2020-06-18T19:36:34 IST">
          <reporter-output>
          </reporter-output>
        </test-method> <!-- Test_Languages_Are_Displayed -->
        <test-method status="PASS" signature="exit()[pri:0, instance:testCases.TestCases@483f6d77]" name="exit" is-config="true" duration-ms="5606" started-at="2020-06-18T19:36:34 IST" finished-at="2020-06-18T19:36:39 IST">
          <reporter-output>
          </reporter-output>
        </test-method> <!-- exit -->
      </class> <!-- testCases.TestCases -->
    </test> <!-- Default test -->
  </suite> <!-- Default suite -->
</testng-results>
